<?xml version="1.0" encoding="UTF-8"?>
<testsuite name="com.kidult_playground.web.IndexControllerTest" tests="1" skipped="0" failures="0" errors="0" timestamp="2021-06-14T06:21:55" hostname="DESKTOP-AILQIFV" time="0.22">
  <properties/>
  <testcase name="MainPage_Lading" classname="com.kidult_playground.web.IndexControllerTest" time="0.22"/>
  <system-out><![CDATA[2021-06-14 15:21:55.917  INFO 12960 --- [    Test worker] .b.t.c.SpringBootTestContextBootstrapper : Neither @ContextConfiguration nor @ContextHierarchy found for test class [com.kidult_playground.web.IndexControllerTest], using SpringBootContextLoader
2021-06-14 15:21:55.918  INFO 12960 --- [    Test worker] o.s.t.c.support.AbstractContextLoader    : Could not detect default resource locations for test class [com.kidult_playground.web.IndexControllerTest]: no resource found for suffixes {-context.xml, Context.groovy}.
2021-06-14 15:21:55.918  INFO 12960 --- [    Test worker] t.c.s.AnnotationConfigContextLoaderUtils : Could not detect default configuration classes for test class [com.kidult_playground.web.IndexControllerTest]: IndexControllerTest does not declare any static, non-private, non-final, nested classes annotated with @Configuration.
2021-06-14 15:21:55.921  INFO 12960 --- [    Test worker] .b.t.c.SpringBootTestContextBootstrapper : Found @SpringBootConfiguration com.kidult_playground.Application for test class com.kidult_playground.web.IndexControllerTest
2021-06-14 15:21:55.923  INFO 12960 --- [    Test worker] .b.t.c.SpringBootTestContextBootstrapper : Loaded default TestExecutionListener class names from location [META-INF/spring.factories]: [org.springframework.boot.test.autoconfigure.restdocs.RestDocsTestExecutionListener, org.springframework.boot.test.autoconfigure.web.client.MockRestServiceServerResetTestExecutionListener, org.springframework.boot.test.autoconfigure.web.servlet.MockMvcPrintOnlyOnFailureTestExecutionListener, org.springframework.boot.test.autoconfigure.web.servlet.WebDriverTestExecutionListener, org.springframework.boot.test.mock.mockito.MockitoTestExecutionListener, org.springframework.boot.test.mock.mockito.ResetMocksTestExecutionListener, org.springframework.test.context.web.ServletTestExecutionListener, org.springframework.test.context.support.DirtiesContextBeforeModesTestExecutionListener, org.springframework.test.context.support.DependencyInjectionTestExecutionListener, org.springframework.test.context.support.DirtiesContextTestExecutionListener, org.springframework.test.context.transaction.TransactionalTestExecutionListener, org.springframework.test.context.jdbc.SqlScriptsTestExecutionListener]
2021-06-14 15:21:55.923  INFO 12960 --- [    Test worker] .b.t.c.SpringBootTestContextBootstrapper : Using TestExecutionListeners: [org.springframework.test.context.web.ServletTestExecutionListener@544b6202, org.springframework.test.context.support.DirtiesContextBeforeModesTestExecutionListener@35a157c8, org.springframework.boot.test.mock.mockito.MockitoTestExecutionListener@1467a9bf, org.springframework.boot.test.autoconfigure.SpringBootDependencyInjectionTestExecutionListener@346e8dcb, org.springframework.test.context.support.DirtiesContextTestExecutionListener@3bbaa236, org.springframework.test.context.transaction.TransactionalTestExecutionListener@41abd9e, org.springframework.test.context.jdbc.SqlScriptsTestExecutionListener@2d99c6f3, org.springframework.boot.test.autoconfigure.restdocs.RestDocsTestExecutionListener@6dd9065e, org.springframework.boot.test.autoconfigure.web.client.MockRestServiceServerResetTestExecutionListener@31ca2c1, org.springframework.boot.test.autoconfigure.web.servlet.MockMvcPrintOnlyOnFailureTestExecutionListener@523b0971, org.springframework.boot.test.autoconfigure.web.servlet.WebDriverTestExecutionListener@31f6f39b, org.springframework.boot.test.mock.mockito.ResetMocksTestExecutionListener@1438e80d]
Hibernate: select posts0_.id as id1_0_, posts0_.created_date as created_2_0_, posts0_.modified_date as modified3_0_, posts0_.author as author4_0_, posts0_.content as content5_0_, posts0_.title as title6_0_ from posts posts0_ order by posts0_.id DESC
]]></system-out>
  <system-err><![CDATA[]]></system-err>
</testsuite>
